#
# A fatal error has been detected by the Java Runtime Environment:
#
#  EXCEPTION_ACCESS_VIOLATION (0xc0000005) at pc=0x00007ff937bca3d1, pid=21040, tid=4236
#
# JRE version: Java(TM) SE Runtime Environment (15.0.2+7) (build 15.0.2+7-27)
# Java VM: Java HotSpot(TM) 64-Bit Server VM (15.0.2+7-27, mixed mode, sharing, tiered, compressed oops, g1 gc, windows-amd64)
# Problematic frame:
# V  [jvm.dll+0x3aa3d1]
#
# No core dump will be written. Minidumps are not enabled by default on client versions of Windows
#
# If you would like to submit a bug report, please visit:
#   https://bugreport.java.com/bugreport/crash.jsp
#

---------------  S U M M A R Y ------------

Command Line: -Dfile.encoding=UTF-8 simrskhanza.SIMRSKhanza

Host: Intel(R) Core(TM) i3-10105F CPU @ 3.70GHz, 8 cores, 15G,  Windows 10 , 64 bit Build 19041 (10.0.19041.3636)
Time: Thu Dec 28 18:29:34 2023 SE Asia Standard Time elapsed time: 20.333324 seconds (0d 0h 0m 20s)

---------------  T H R E A D  ---------------

Current thread (0x0000018c8212c1d0):  JavaThread "JavaFX Application Thread" [_thread_in_vm, id=4236, stack(0x0000004083d00000,0x0000004083e00000)]

Stack: [0x0000004083d00000,0x0000004083e00000],  sp=0x0000004083dfdaa0,  free space=1014k
Native frames: (J=compiled Java code, j=interpreted, Vv=VM code, C=native code)
V  [jvm.dll+0x3aa3d1]
C  0x00007ff8efccb1b0

Java frames: (J=compiled Java code, j=interpreted, Vv=VM code)
j  com.sun.webkit.WebPage.twkCreatePage(Z)J+0
j  com.sun.webkit.WebPage.<init>(Lcom/sun/webkit/WebPageClient;Lcom/sun/webkit/UIClient;Lcom/sun/webkit/PolicyClient;Lcom/sun/webkit/InspectorClient;Lcom/sun/webkit/ThemeClient;Z)V+177
j  javafx.scene.web.WebEngine.<init>(Ljava/lang/String;Z)V+270
j  javafx.scene.web.WebEngine.<init>()V+3
j  javafx.scene.web.WebView.<init>()V+60
j  bridging.INACBGHybrid$3.run()V+4
j  com.sun.javafx.application.PlatformImpl.lambda$runLater$10(Ljava/lang/Runnable;)Ljava/lang/Void;+1
j  com.sun.javafx.application.PlatformImpl$$Lambda$261+0x0000000801070918.run()Ljava/lang/Object;+4
J 6156 c2 java.security.AccessController.doPrivileged(Ljava/security/PrivilegedAction;Ljava/security/AccessControlContext;)Ljava/lang/Object; java.base@15.0.2 (17 bytes) @ 0x0000018ce41ff2f8 [0x0000018ce41ff2a0+0x0000000000000058]
j  com.sun.javafx.application.PlatformImpl.lambda$runLater$11(Ljava/lang/Runnable;Ljava/security/AccessControlContext;)V+7
j  com.sun.javafx.application.PlatformImpl$$Lambda$260+0x0000000801070240.run()V+8
j  com.sun.glass.ui.InvokeLaterDispatcher$Future.run()V+4
v  ~StubRoutines::call_stub
j  com.sun.glass.ui.win.WinApplication._runLoop(Ljava/lang/Runnable;)V+0
j  com.sun.glass.ui.win.WinApplication.lambda$runLoop$3(ILjava/lang/Runnable;)V+8
j  com.sun.glass.ui.win.WinApplication$$Lambda$247+0x0000000801043880.run()V+12
j  java.lang.Thread.run()V+11 java.base@15.0.2
v  ~StubRoutines::call_stub

siginfo: EXCEPTION_ACCESS_VIOLATION (0xc0000005), reading address 0x0000000000000000


Register to memory mapping:

RIP=0x00007ff937bca3d1 jvm.dll
RAX=0x0 is NULL
RBX=0x0000018c8212c1d0 is a thread
RCX=0xf2e609c02daa0000 is an unknown value
RDX=0x0000018c82c13858 is a global jni handle
RSP=0x0000004083dfdaa0 is pointing into the stack for thread: 0x0000018c8212c1d0
RBP=0x0000004083dfdb98 is pointing into the stack for thread: 0x0000018c8212c1d0
RSI=0x0000018c8212c4f8 points into unknown readable memory: 0x00007ff93821de40 | 40 de 21 38 f9 7f 00 00
RDI=0x0000018c82c13858 is a global jni handle
R8 =0x0 is NULL
R9 =0x0000004083dfdb98 is pointing into the stack for thread: 0x0000018c8212c1d0
R10=0x00007ff937bca310 jvm.dll
R11=0x0000004083dfda98 is pointing into the stack for thread: 0x0000018c8212c1d0
R12=0x0 is NULL
R13=0x0 is NULL
R14=0x0 is NULL
R15=0x0000018c87245e90 points into unknown readable memory: 0x00007ff8f14cb728 | 28 b7 4c f1 f8 7f 00 00


Registers:
RAX=0x0000000000000000, RBX=0x0000018c8212c1d0, RCX=0xf2e609c02daa0000, RDX=0x0000018c82c13858
RSP=0x0000004083dfdaa0, RBP=0x0000004083dfdb98, RSI=0x0000018c8212c4f8, RDI=0x0000018c82c13858
R8 =0x0000000000000000, R9 =0x0000004083dfdb98, R10=0x00007ff937bca310, R11=0x0000004083dfda98
R12=0x0000000000000000, R13=0x0000000000000000, R14=0x0000000000000000, R15=0x0000018c87245e90
RIP=0x00007ff937bca3d1, EFLAGS=0x0000000000010206

Top of Stack: (sp=0x0000004083dfdaa0)
0x0000004083dfdaa0:   0000018c8212c1d0 0000018c8212c4f8
0x0000004083dfdab0:   0000000000000000 00007ff99d402690
0x0000004083dfdac0:   0000000000000006 0000018c86ec66c0
0x0000004083dfdad0:   0000f2a68a1ff49a 0000004083dfdb30
0x0000004083dfdae0:   0000018c87245e90 0000018c82c13858
0x0000004083dfdaf0:   0000018c8212c1d0 0000018cf94a9850
0x0000004083dfdb00:   0000018c00000493 00007ff9380baaa0
0x0000004083dfdb10:   0000018c8212c1d0 00007ff937bc266a
0x0000004083dfdb20:   00007ff8f321ab38 00007ff8f14c5a10
0x0000004083dfdb30:   0000018c00000002 00007ff800000002
0x0000004083dfdb40:   00007ff8f347d238 00007ff8efccb1b0
0x0000004083dfdb50:   0000018cf91770d8 00007ff8f342d7f0
0x0000004083dfdb60:   0000018c86ec66c0 0000018c8212c4f8
0x0000004083dfdb70:   0000018c8212c4f8 00007ff8f1316725
0x0000004083dfdb80:   0000018cf91770d8 00007ff8f342d7f0
0x0000004083dfdb90:   0000000000000000 0000000000000018 

Instructions: (pc=0x00007ff937bca3d1)
0x00007ff937bca2d1:   00 00 48 8b bc 24 c0 00 00 00 c0 e8 03 a8 01 74
0x00007ff937bca2e1:   08 48 8b cb e8 a6 29 2e 00 0f 28 c6 c7 83 98 03
0x00007ff937bca2f1:   00 00 04 00 00 00 0f 28 b4 24 b0 00 00 00 48 81
0x00007ff937bca301:   c4 d0 00 00 00 5b c3 cc cc cc cc cc cc cc cc 48
0x00007ff937bca311:   89 5c 24 08 48 89 6c 24 10 48 89 74 24 18 48 89
0x00007ff937bca321:   7c 24 20 41 56 48 81 ec a0 00 00 00 8b 81 88 00
0x00007ff937bca331:   00 00 48 8d 99 d8 fc ff ff 05 55 21 ff ff 49 8b
0x00007ff937bca341:   e9 4d 8b f0 48 8b fa 48 8b f1 83 f8 01 76 0a 48
0x00007ff937bca351:   8b cb e8 28 33 39 00 33 db c7 83 98 03 00 00 05
0x00007ff937bca361:   00 00 00 e8 c7 26 27 00 48 8b 03 48 8b cb ff 50
0x00007ff937bca371:   38 84 c0 74 0e 48 8b 83 10 01 00 00 c0 e8 03 24
0x00007ff937bca381:   01 eb 0b 8b 05 86 23 6f 00 85 c0 0f 95 c0 84 c0
0x00007ff937bca391:   75 0d 8b 83 e0 00 00 00 a9 04 00 00 20 74 08 48
0x00007ff937bca3a1:   8b cb e8 58 39 39 00 c7 83 98 03 00 00 06 00 00
0x00007ff937bca3b1:   00 48 83 7b 08 00 48 89 5c 24 50 48 c7 44 24 58
0x00007ff937bca3c1:   00 00 00 00 74 0a 48 8d 4c 24 50 e8 1f c5 2a 00
0x00007ff937bca3d1:   49 8b 16 48 8d 4c 24 70 c7 44 24 40 04 00 00 00
0x00007ff937bca3e1:   e8 ea cf 00 00 48 89 ac 24 98 00 00 00 48 8d 05
0x00007ff937bca3f1:   33 07 4f 00 48 89 44 24 70 40 f6 c7 01 74 0c 48
0x00007ff937bca401:   8d 4f ff ff 15 9e 13 65 00 eb 09 48 8b cf ff 15
0x00007ff937bca411:   f3 9b 64 00 8b 15 85 9c 6d 00 48 8b c8 e8 ed d0
0x00007ff937bca421:   26 00 48 8b d3 48 8b c8 4c 8b 00 41 ff 90 b0 00
0x00007ff937bca431:   00 00 48 83 7b 08 00 75 35 48 8d 44 24 70 48 89
0x00007ff937bca441:   5c 24 30 48 89 44 24 28 48 8d 54 24 40 45 33 c9
0x00007ff937bca451:   4c 89 74 24 20 45 33 c0 48 8b ce e8 3f e4 00 00
0x00007ff937bca461:   48 83 7b 08 00 75 07 0f b6 74 24 48 eb 03 40 32
0x00007ff937bca471:   f6 48 83 7c 24 58 00 74 0a 48 8d 4c 24 50 e8 0c
0x00007ff937bca481:   c5 2a 00 48 8b bb f8 00 00 00 48 8b 4f 10 48 83
0x00007ff937bca491:   39 00 74 0c 48 8b cf e8 d3 a0 f6 ff 48 8b 4f 10
0x00007ff937bca4a1:   48 8b 47 08 48 89 48 10 48 8b 4f 08 48 8b 47 18
0x00007ff937bca4b1:   48 89 41 18 48 8b 4f 08 48 8b 47 20 48 89 41 20
0x00007ff937bca4c1:   c7 83 98 03 00 00 07 00 00 00 e8 60 25 27 00 48 


Stack slot to memory mapping:
stack at sp + 0 slots: 0x0000018c8212c1d0 is a thread
stack at sp + 1 slots: 0x0000018c8212c4f8 points into unknown readable memory: 0x00007ff93821de40 | 40 de 21 38 f9 7f 00 00
stack at sp + 2 slots: 0x0 is NULL
stack at sp + 3 slots: 0x00007ff99d402690 ucrtbase.dll
stack at sp + 4 slots: 0x0000000000000006 is an unknown value
stack at sp + 5 slots: 0x0000018c86ec66c0 points into unknown readable memory: 0x0000000000000000 | 00 00 00 00 00 00 00 00
stack at sp + 6 slots: 0x0000f2a68a1ff49a is an unknown value
stack at sp + 7 slots: 0x0000004083dfdb30 is pointing into the stack for thread: 0x0000018c8212c1d0


---------------  P R O C E S S  ---------------

Threads class SMR info:
_java_thread_list=0x0000018c87a5c970, length=25, elements={
0x0000018cf8820610, 0x0000018cf88210f0, 0x0000018cf8836b60, 0x0000018cf883a440,
0x0000018cf883d110, 0x0000018cf883dd00, 0x0000018cf8841b00, 0x0000018cf884a410,
0x0000018cf8ac5a60, 0x0000018cf8ada2a0, 0x0000018cf96b59a0, 0x0000018cf961c0e0,
0x0000018cf961c5b0, 0x0000018cf9c69840, 0x0000018cf96ac4c0, 0x0000018cd29f7600,
0x0000018c82373f90, 0x0000018c8212b830, 0x0000018c8212bd00, 0x0000018c8212cb70,
0x0000018c8212c1d0, 0x0000018c8212ae90, 0x0000018c8212d510, 0x0000018c87b1aec0,
0x0000018c82d46a00
}

Java Threads: ( => current thread )
  0x0000018cf8820610 JavaThread "Reference Handler" daemon [_thread_blocked, id=19328, stack(0x0000004081500000,0x0000004081600000)]
  0x0000018cf88210f0 JavaThread "Finalizer" daemon [_thread_blocked, id=19580, stack(0x0000004081600000,0x0000004081700000)]
  0x0000018cf8836b60 JavaThread "Signal Dispatcher" daemon [_thread_blocked, id=19640, stack(0x0000004081700000,0x0000004081800000)]
  0x0000018cf883a440 JavaThread "Attach Listener" daemon [_thread_blocked, id=12004, stack(0x0000004081800000,0x0000004081900000)]
  0x0000018cf883d110 JavaThread "Service Thread" daemon [_thread_blocked, id=5752, stack(0x0000004081900000,0x0000004081a00000)]
  0x0000018cf883dd00 JavaThread "C2 CompilerThread0" daemon [_thread_in_native, id=13072, stack(0x0000004081a00000,0x0000004081b00000)]
  0x0000018cf8841b00 JavaThread "C1 CompilerThread0" daemon [_thread_blocked, id=16860, stack(0x0000004081b00000,0x0000004081c00000)]
  0x0000018cf884a410 JavaThread "Sweeper thread" daemon [_thread_blocked, id=20048, stack(0x0000004081c00000,0x0000004081d00000)]
  0x0000018cf8ac5a60 JavaThread "Notification Thread" daemon [_thread_blocked, id=16584, stack(0x0000004081d00000,0x0000004081e00000)]
  0x0000018cf8ada2a0 JavaThread "Common-Cleaner" daemon [_thread_blocked, id=13580, stack(0x0000004081f00000,0x0000004082000000)]
  0x0000018cf96b59a0 JavaThread "Java2D Disposer" daemon [_thread_blocked, id=21180, stack(0x0000004082600000,0x0000004082700000)]
  0x0000018cf961c0e0 JavaThread "AWT-Shutdown" [_thread_blocked, id=12888, stack(0x0000004082700000,0x0000004082800000)]
  0x0000018cf961c5b0 JavaThread "AWT-Windows" daemon [_thread_in_native, id=11560, stack(0x0000004082800000,0x0000004082900000)]
  0x0000018cf9c69840 JavaThread "AWT-EventQueue-0" [_thread_blocked, id=20392, stack(0x0000004082a00000,0x0000004082b00000)]
  0x0000018cf96ac4c0 JavaThread "Swing-Shell" daemon [_thread_blocked, id=2012, stack(0x0000004082b00000,0x0000004082c00000)]
  0x0000018cd29f7600 JavaThread "DestroyJavaVM" [_thread_blocked, id=12824, stack(0x0000004080e00000,0x0000004080f00000)]
  0x0000018c82373f90 JavaThread "Abandoned connection cleanup thread" daemon [_thread_blocked, id=12192, stack(0x0000004083200000,0x0000004083300000)]
  0x0000018c8212b830 JavaThread "TimerQueue" daemon [_thread_blocked, id=20860, stack(0x0000004083400000,0x0000004083500000)]
  0x0000018c8212bd00 JavaThread "QuantumRenderer-0" daemon [_thread_blocked, id=10064, stack(0x0000004083b00000,0x0000004083c00000)]
  0x0000018c8212cb70 JavaThread "InvokeLaterDispatcher" daemon [_thread_blocked, id=10500, stack(0x0000004083c00000,0x0000004083d00000)]
=>0x0000018c8212c1d0 JavaThread "JavaFX Application Thread" [_thread_in_vm, id=4236, stack(0x0000004083d00000,0x0000004083e00000)]
  0x0000018c8212ae90 JavaThread "Thread-2" daemon [_thread_in_native, id=17104, stack(0x0000004083900000,0x0000004083a00000)]
  0x0000018c8212d510 JavaThread "D3D Screen Updater" daemon [_thread_blocked, id=10960, stack(0x0000004084140000,0x0000004084240000)]
  0x0000018c87b1aec0 JavaThread "C2 CompilerThread1" daemon [_thread_in_native, id=19352, stack(0x0000004082900000,0x0000004082a00000)]
  0x0000018c82d46a00 JavaThread "C2 CompilerThread2" daemon [_thread_in_native, id=20892, stack(0x0000004084040000,0x0000004084140000)]

Other Threads:
  0x0000018cf881fe90 VMThread "VM Thread" [stack: 0x0000004081400000,0x0000004081500000] [id=20936]
  0x0000018cf8acff60 WatcherThread [stack: 0x0000004081e00000,0x0000004081f00000] [id=2556]
  0x0000018cd2a43ee0 GCTaskThread "GC Thread#0" [stack: 0x0000004080f00000,0x0000004081000000] [id=10556]
  0x0000018cf8ac00f0 GCTaskThread "GC Thread#1" [stack: 0x0000004082100000,0x0000004082200000] [id=15772]
  0x0000018cf8c0cc30 GCTaskThread "GC Thread#2" [stack: 0x0000004082200000,0x0000004082300000] [id=3548]
  0x0000018cf8c0c2a0 GCTaskThread "GC Thread#3" [stack: 0x0000004082300000,0x0000004082400000] [id=4548]
  0x0000018cf8c0df50 GCTaskThread "GC Thread#4" [stack: 0x0000004082400000,0x0000004082500000] [id=11468]
  0x0000018cf8c0cf60 GCTaskThread "GC Thread#5" [stack: 0x0000004082500000,0x0000004082600000] [id=17316]
  0x0000018c82a7ab30 GCTaskThread "GC Thread#6" [stack: 0x0000004083e40000,0x0000004083f40000] [id=9372]
  0x0000018c82a7bb20 GCTaskThread "GC Thread#7" [stack: 0x0000004083f40000,0x0000004084040000] [id=12084]
  0x0000018cd2a55d10 ConcurrentGCThread "G1 Main Marker" [stack: 0x0000004081000000,0x0000004081100000] [id=1448]
  0x0000018cd2a56fb0 ConcurrentGCThread "G1 Conc#0" [stack: 0x0000004081100000,0x0000004081200000] [id=19692]
  0x0000018cf8c0c900 ConcurrentGCThread "G1 Conc#1" [stack: 0x0000004083300000,0x0000004083400000] [id=18588]
  0x0000018cf7e944e0 ConcurrentGCThread "G1 Refine#0" [stack: 0x0000004081200000,0x0000004081300000] [id=21104]
  0x0000018c826e9c00 ConcurrentGCThread "G1 Refine#1" [stack: 0x0000004082000000,0x0000004082100000] [id=9804]
  0x0000018c8293fa50 ConcurrentGCThread "G1 Refine#2" [stack: 0x0000004083500000,0x0000004083600000] [id=21316]
  0x0000018c8293f030 ConcurrentGCThread "G1 Refine#3" [stack: 0x0000004083600000,0x0000004083700000] [id=9292]
  0x0000018c829407d0 ConcurrentGCThread "G1 Refine#4" [stack: 0x0000004083700000,0x0000004083800000] [id=11620]
  0x0000018c82940b30 ConcurrentGCThread "G1 Refine#5" [stack: 0x0000004083800000,0x0000004083900000] [id=21204]
  0x0000018cd2aab540 ConcurrentGCThread "G1 Young RemSet Sampling" [stack: 0x0000004081300000,0x0000004081400000] [id=4616]

Threads with active compile tasks:
C2 CompilerThread0    20371 6312       4       javax.swing.table.DefaultTableColumnModel::getColumn (12 bytes)
C2 CompilerThread1    20371 6245   !   4       java.awt.EventQueue::removeSourceEvents (316 bytes)
C2 CompilerThread2    20371 6297 %     4       sun.java2d.marlin.MarlinTileGenerator::getAlphaRLE @ 1617 (1749 bytes)

VM state: not at safepoint (normal execution)

VM Mutex/Monitor currently owned by a thread: None

Heap address: 0x0000000702400000, size: 4060 MB, Compressed Oops mode: Zero based, Oop shift amount: 3
CDS archive(s) mapped at: [0x0000000800000000-0x0000000800b50000-0x0000000800b50000), size 11862016, SharedBaseAddress: 0x0000000800000000, ArchiveRelocationMode: 0.
Compressed class space mapped at: 0x0000000800b50000-0x0000000840b50000, size: 1073741824
Narrow klass base: 0x0000000800000000, Narrow klass shift: 3, Narrow klass range: 0x100000000

GC Precious Log:
 CPUs: 8 total, 8 available
 Memory: 16236M
 Large Page Support: Disabled
 NUMA Support: Disabled
 Compressed Oops: Enabled (Zero based)
 Heap Region Size: 2M
 Heap Min Capacity: 8M
 Heap Initial Capacity: 254M
 Heap Max Capacity: 4060M
 Pre-touch: Disabled
 Parallel Workers: 8
 Concurrent Workers: 2
 Concurrent Refinement Workers: 8
 Periodic GC: Disabled

Heap:
 garbage-first heap   total 161792K, used 102955K [0x0000000702400000, 0x0000000800000000)
  region size 2048K, 11 young (22528K), 2 survivors (4096K)
 Metaspace       used 45614K, capacity 45952K, committed 46544K, reserved 1089536K
  class space    used 6096K, capacity 6172K, committed 6272K, reserved 1048576K

Heap Regions: E=young(eden), S=young(survivor), O=old, HS=humongous(starts), HC=humongous(continues), CS=collection set, F=free, OA=open archive, CA=closed archive, TAMS=top-at-mark-start (previous, next)
|   0|0x0000000702400000, 0x0000000702600000, 0x0000000702600000|100%|HS|  |TAMS 0x0000000702600000, 0x0000000702400000| Complete 
|   1|0x0000000702600000, 0x0000000702800000, 0x0000000702800000|100%| O|  |TAMS 0x0000000702800000, 0x0000000702600000| Untracked 
|   2|0x0000000702800000, 0x0000000702a00000, 0x0000000702a00000|100%| O|  |TAMS 0x0000000702a00000, 0x0000000702800000| Untracked 
|   3|0x0000000702a00000, 0x0000000702c00000, 0x0000000702c00000|100%| O|  |TAMS 0x0000000702c00000, 0x0000000702a00000| Untracked 
|   4|0x0000000702c00000, 0x0000000702e00000, 0x0000000702e00000|100%| O|  |TAMS 0x0000000702e00000, 0x0000000702c00000| Untracked 
|   5|0x0000000702e00000, 0x0000000703000000, 0x0000000703000000|100%| O|  |TAMS 0x0000000703000000, 0x0000000702e00000| Untracked 
|   6|0x0000000703000000, 0x0000000703200000, 0x0000000703200000|100%| O|  |TAMS 0x0000000703200000, 0x0000000703000000| Untracked 
|   7|0x0000000703200000, 0x0000000703400000, 0x0000000703400000|100%| O|  |TAMS 0x0000000703400000, 0x0000000703200000| Untracked 
|   8|0x0000000703400000, 0x0000000703600000, 0x0000000703600000|100%| O|  |TAMS 0x0000000703600000, 0x0000000703400000| Untracked 
|   9|0x0000000703600000, 0x0000000703800000, 0x0000000703800000|100%| O|  |TAMS 0x0000000703800000, 0x0000000703600000| Untracked 
|  10|0x0000000703800000, 0x000000070392d600, 0x0000000703a00000| 58%| O|  |TAMS 0x000000070392d600, 0x0000000703800000| Untracked 
|  11|0x0000000703a00000, 0x0000000703c00000, 0x0000000703c00000|100%| O|  |TAMS 0x0000000703c00000, 0x0000000703a00000| Untracked 
|  12|0x0000000703c00000, 0x0000000703e00000, 0x0000000703e00000|100%| O|  |TAMS 0x0000000703e00000, 0x0000000703c00000| Untracked 
|  13|0x0000000703e00000, 0x0000000704000000, 0x0000000704000000|100%| O|  |TAMS 0x0000000704000000, 0x0000000703e00000| Untracked 
|  14|0x0000000704000000, 0x0000000704200000, 0x0000000704200000|100%| O|  |TAMS 0x0000000704200000, 0x0000000704000000| Untracked 
|  15|0x0000000704200000, 0x0000000704400000, 0x0000000704400000|100%| O|  |TAMS 0x0000000704400000, 0x0000000704200000| Untracked 
|  16|0x0000000704400000, 0x0000000704600000, 0x0000000704600000|100%| O|  |TAMS 0x0000000704600000, 0x0000000704400000| Untracked 
|  17|0x0000000704600000, 0x0000000704800000, 0x0000000704800000|100%| O|  |TAMS 0x0000000704800000, 0x0000000704600000| Untracked 
|  18|0x0000000704800000, 0x0000000704a00000, 0x0000000704a00000|100%| O|  |TAMS 0x0000000704a00000, 0x0000000704800000| Untracked 
|  19|0x0000000704a00000, 0x0000000704c00000, 0x0000000704c00000|100%| O|  |TAMS 0x0000000704c00000, 0x0000000704a00000| Untracked 
|  20|0x0000000704c00000, 0x0000000704e00000, 0x0000000704e00000|100%| O|  |TAMS 0x0000000704e00000, 0x0000000704c00000| Untracked 
|  21|0x0000000704e00000, 0x0000000705000000, 0x0000000705000000|100%| O|  |TAMS 0x0000000705000000, 0x0000000704e00000| Untracked 
|  22|0x0000000705000000, 0x0000000705200000, 0x0000000705200000|100%| O|  |TAMS 0x0000000705200000, 0x0000000705000000| Untracked 
|  23|0x0000000705200000, 0x0000000705400000, 0x0000000705400000|100%| O|  |TAMS 0x0000000705400000, 0x0000000705200000| Untracked 
|  24|0x0000000705400000, 0x0000000705600000, 0x0000000705600000|100%| O|  |TAMS 0x0000000705600000, 0x0000000705400000| Untracked 
|  25|0x0000000705600000, 0x0000000705800000, 0x0000000705800000|100%| O|  |TAMS 0x0000000705800000, 0x0000000705600000| Untracked 
|  26|0x0000000705800000, 0x0000000705a00000, 0x0000000705a00000|100%| O|  |TAMS 0x0000000705a00000, 0x0000000705800000| Untracked 
|  27|0x0000000705a00000, 0x0000000705c00000, 0x0000000705c00000|100%| O|  |TAMS 0x0000000705c00000, 0x0000000705a00000| Untracked 
|  28|0x0000000705c00000, 0x0000000705e00000, 0x0000000705e00000|100%| O|  |TAMS 0x0000000705e00000, 0x0000000705c00000| Untracked 
|  29|0x0000000705e00000, 0x0000000706000000, 0x0000000706000000|100%| O|  |TAMS 0x0000000706000000, 0x0000000705e00000| Untracked 
|  30|0x0000000706000000, 0x0000000706200000, 0x0000000706200000|100%|HS|  |TAMS 0x0000000706200000, 0x0000000706000000| Complete 
|  31|0x0000000706200000, 0x0000000706400000, 0x0000000706400000|100%|HC|  |TAMS 0x0000000706400000, 0x0000000706200000| Complete 
|  32|0x0000000706400000, 0x0000000706600000, 0x0000000706600000|100%|HC|  |TAMS 0x0000000706600000, 0x0000000706400000| Complete 
|  33|0x0000000706600000, 0x0000000706800000, 0x0000000706800000|100%|HC|  |TAMS 0x0000000706800000, 0x0000000706600000| Complete 
|  34|0x0000000706800000, 0x0000000706a00000, 0x0000000706a00000|100%|HC|  |TAMS 0x0000000706a00000, 0x0000000706800000| Complete 
|  35|0x0000000706a00000, 0x0000000706c00000, 0x0000000706c00000|100%| O|  |TAMS 0x0000000706c00000, 0x0000000706a00000| Untracked 
|  36|0x0000000706c00000, 0x0000000706e00000, 0x0000000706e00000|100%| O|  |TAMS 0x0000000706e00000, 0x0000000706c00000| Untracked 
|  37|0x0000000706e00000, 0x0000000707000000, 0x0000000707000000|100%| O|  |TAMS 0x0000000706ef2600, 0x0000000706e00000| Untracked 
|  38|0x0000000707000000, 0x0000000707200000, 0x0000000707200000|100%| O|  |TAMS 0x0000000707000000, 0x0000000707000000| Untracked 
|  39|0x0000000707200000, 0x0000000707400000, 0x0000000707400000|100%| O|  |TAMS 0x0000000707200000, 0x0000000707200000| Untracked 
|  40|0x0000000707400000, 0x00000007074e7200, 0x0000000707600000| 45%| O|  |TAMS 0x0000000707400000, 0x0000000707400000| Untracked 
|  41|0x0000000707600000, 0x0000000707800000, 0x0000000707800000|100%|HS|  |TAMS 0x0000000707600000, 0x0000000707600000| Complete 
|  42|0x0000000707800000, 0x0000000707a00000, 0x0000000707a00000|100%|HC|  |TAMS 0x0000000707800000, 0x0000000707800000| Complete 
|  43|0x0000000707a00000, 0x0000000707a00000, 0x0000000707c00000|  0%| F|  |TAMS 0x0000000707a00000, 0x0000000707a00000| Untracked 
|  44|0x0000000707c00000, 0x0000000707c00000, 0x0000000707e00000|  0%| F|  |TAMS 0x0000000707c00000, 0x0000000707c00000| Untracked 
|  45|0x0000000707e00000, 0x0000000707e00000, 0x0000000708000000|  0%| F|  |TAMS 0x0000000707e00000, 0x0000000707e00000| Untracked 
|  46|0x0000000708000000, 0x0000000708000000, 0x0000000708200000|  0%| F|  |TAMS 0x0000000708000000, 0x0000000708000000| Untracked 
|  47|0x0000000708200000, 0x0000000708200000, 0x0000000708400000|  0%| F|  |TAMS 0x0000000708200000, 0x0000000708200000| Untracked 
|  48|0x0000000708400000, 0x0000000708400000, 0x0000000708600000|  0%| F|  |TAMS 0x0000000708400000, 0x0000000708400000| Untracked 
|  49|0x0000000708600000, 0x0000000708600000, 0x0000000708800000|  0%| F|  |TAMS 0x0000000708600000, 0x0000000708600000| Untracked 
|  50|0x0000000708800000, 0x0000000708800000, 0x0000000708a00000|  0%| F|  |TAMS 0x0000000708800000, 0x0000000708800000| Untracked 
|  51|0x0000000708a00000, 0x0000000708a00000, 0x0000000708c00000|  0%| F|  |TAMS 0x0000000708a00000, 0x0000000708a00000| Untracked 
|  52|0x0000000708c00000, 0x0000000708c00000, 0x0000000708e00000|  0%| F|  |TAMS 0x0000000708c00000, 0x0000000708c00000| Untracked 
|  53|0x0000000708e00000, 0x0000000708e00000, 0x0000000709000000|  0%| F|  |TAMS 0x0000000708e00000, 0x0000000708e00000| Untracked 
|  54|0x0000000709000000, 0x0000000709000000, 0x0000000709200000|  0%| F|  |TAMS 0x0000000709000000, 0x0000000709000000| Untracked 
|  55|0x0000000709200000, 0x0000000709200000, 0x0000000709400000|  0%| F|  |TAMS 0x0000000709200000, 0x0000000709200000| Untracked 
|  56|0x0000000709400000, 0x0000000709400000, 0x0000000709600000|  0%| F|  |TAMS 0x0000000709400000, 0x0000000709400000| Untracked 
|  57|0x0000000709600000, 0x0000000709600000, 0x0000000709800000|  0%| F|  |TAMS 0x0000000709600000, 0x0000000709600000| Untracked 
|  58|0x0000000709800000, 0x0000000709800000, 0x0000000709a00000|  0%| F|  |TAMS 0x0000000709800000, 0x0000000709800000| Untracked 
|  59|0x0000000709a00000, 0x0000000709a00000, 0x0000000709c00000|  0%| F|  |TAMS 0x0000000709a00000, 0x0000000709a00000| Untracked 
|  60|0x0000000709c00000, 0x0000000709c00000, 0x0000000709e00000|  0%| F|  |TAMS 0x0000000709c00000, 0x0000000709c00000| Untracked 
|  61|0x0000000709e00000, 0x0000000709e00000, 0x000000070a000000|  0%| F|  |TAMS 0x0000000709e00000, 0x0000000709e00000| Untracked 
|  62|0x000000070a000000, 0x000000070a000000, 0x000000070a200000|  0%| F|  |TAMS 0x000000070a000000, 0x000000070a000000| Untracked 
|  63|0x000000070a200000, 0x000000070a200000, 0x000000070a400000|  0%| F|  |TAMS 0x000000070a200000, 0x000000070a200000| Untracked 
|  64|0x000000070a400000, 0x000000070a400000, 0x000000070a600000|  0%| F|  |TAMS 0x000000070a400000, 0x000000070a400000| Untracked 
|  65|0x000000070a600000, 0x000000070a600000, 0x000000070a800000|  0%| F|  |TAMS 0x000000070a600000, 0x000000070a600000| Untracked 
|  66|0x000000070a800000, 0x000000070a8767a0, 0x000000070aa00000| 23%| S|CS|TAMS 0x000000070a800000, 0x000000070a800000| Complete 
|  67|0x000000070aa00000, 0x000000070ac00000, 0x000000070ac00000|100%| S|CS|TAMS 0x000000070aa00000, 0x000000070aa00000| Complete 
|  68|0x000000070ac00000, 0x000000070ac00000, 0x000000070ae00000|  0%| F|  |TAMS 0x000000070ac00000, 0x000000070ac00000| Untracked 
|  69|0x000000070ae00000, 0x000000070ae00000, 0x000000070b000000|  0%| F|  |TAMS 0x000000070ae00000, 0x000000070ae00000| Untracked 
|  70|0x000000070b000000, 0x000000070b1ce728, 0x000000070b200000| 90%| E|  |TAMS 0x000000070b000000, 0x000000070b000000| Complete 
|  71|0x000000070b200000, 0x000000070b400000, 0x000000070b400000|100%| E|CS|TAMS 0x000000070b200000, 0x000000070b200000| Complete 
|  72|0x000000070b400000, 0x000000070b600000, 0x000000070b600000|100%| E|CS|TAMS 0x000000070b400000, 0x000000070b400000| Complete 
|  73|0x000000070b600000, 0x000000070b800000, 0x000000070b800000|100%| E|CS|TAMS 0x000000070b600000, 0x000000070b600000| Complete 
|  74|0x000000070b800000, 0x000000070ba00000, 0x000000070ba00000|100%| E|CS|TAMS 0x000000070b800000, 0x000000070b800000| Complete 
|  75|0x000000070ba00000, 0x000000070bc00000, 0x000000070bc00000|100%| E|CS|TAMS 0x000000070ba00000, 0x000000070ba00000| Complete 
| 118|0x0000000711000000, 0x0000000711200000, 0x0000000711200000|100%| E|CS|TAMS 0x0000000711000000, 0x0000000711000000| Complete 
| 119|0x0000000711200000, 0x0000000711400000, 0x0000000711400000|100%| E|  |TAMS 0x0000000711200000, 0x0000000711200000| Complete 
| 126|0x0000000712000000, 0x0000000712200000, 0x0000000712200000|100%| E|CS|TAMS 0x0000000712000000, 0x0000000712000000| Complete 

Card table byte_map: [0x0000018cec640000,0x0000018cece30000] _byte_map_base: 0x0000018ce8e2e000

Marking Bits (Prev, Next): (CMBitMap*) 0x0000018cd2a455f0, (CMBitMap*) 0x0000018cd2a45630
 Prev Bits: [0x0000018ced620000, 0x0000018cf1590000)
 Next Bits: [0x0000018cf1590000, 0x0000018cf5500000)

Polling page: 0x0000018cd4260000

Metaspace:

Usage:
  Non-class:     38.85 MB capacity,    38.59 MB (>99%) used,   212.88 KB ( <1%) free+waste,    49.06 KB ( <1%) overhead. 
      Class:      6.03 MB capacity,     5.95 MB ( 99%) used,    57.63 KB ( <1%) free+waste,    18.12 KB ( <1%) overhead. 
       Both:     44.88 MB capacity,    44.55 MB (>99%) used,   270.51 KB ( <1%) free+waste,    67.19 KB ( <1%) overhead. 

Virtual space:
  Non-class space:       40.00 MB reserved,      39.33 MB ( 98%) committed 
      Class space:        1.00 GB reserved,       6.12 MB ( <1%) committed 
             Both:        1.04 GB reserved,      45.45 MB (  4%) committed 

Chunk freelists:
   Non-Class:  428.00 KB
       Class:  4.00 KB
        Both:  432.00 KB

MaxMetaspaceSize: 17179869184.00 GB
CompressedClassSpaceSize: 1.00 GB

CodeHeap 'non-profiled nmethods': size=120000Kb used=3581Kb max_used=3581Kb free=116418Kb
 bounds [0x0000018ce3eb0000, 0x0000018ce4230000, 0x0000018ceb3e0000]
CodeHeap 'profiled nmethods': size=120000Kb used=11481Kb max_used=11564Kb free=108518Kb
 bounds [0x0000018cdc980000, 0x0000018cdd4f0000, 0x0000018ce3eb0000]
CodeHeap 'non-nmethods': size=5760Kb used=1578Kb max_used=1594Kb free=4181Kb
 bounds [0x0000018cdc3e0000, 0x0000018cdc650000, 0x0000018cdc980000]
 total_blobs=6426 nmethods=5549 adapters=783
 compilation: enabled
              stopped_count=0, restarted_count=0
 full_count=0

Compilation events (20 events):
Event: 20.307 Thread 0x0000018cf8841b00 6354       3       sun.java2d.marlin.DCurve::set (86 bytes)
Event: 20.307 Thread 0x0000018cf8841b00 nmethod 6354 0x0000018cdc9bc410 code [0x0000018cdc9bc600, 0x0000018cdc9bcb28]
Event: 20.307 Thread 0x0000018cf8841b00 6357       3       sun.font.FontStrikeDesc::<init> (144 bytes)
Event: 20.307 Thread 0x0000018cf8841b00 nmethod 6357 0x0000018cdc9bbd90 code [0x0000018cdc9bbf40, 0x0000018cdc9bc318]
Event: 20.307 Thread 0x0000018cf8841b00 6358   !   3       sun.java2d.SurfaceDataProxy::replaceData (329 bytes)
Event: 20.308 Thread 0x0000018cf8841b00 nmethod 6358 0x0000018cdcaf1f90 code [0x0000018cdcaf22a0, 0x0000018cdcaf3df8]
Event: 20.309 Thread 0x0000018cf8841b00 6359       1       java.awt.GradientPaint::getColor1 (5 bytes)
Event: 20.309 Thread 0x0000018cf8841b00 nmethod 6359 0x0000018ce4218a90 code [0x0000018ce4218c20, 0x0000018ce4218cd8]
Event: 20.309 Thread 0x0000018cf8841b00 6360       1       java.awt.GradientPaint::getColor2 (5 bytes)
Event: 20.309 Thread 0x0000018cf8841b00 nmethod 6360 0x0000018ce4218d90 code [0x0000018ce4218f20, 0x0000018ce4218fd8]
Event: 20.309 Thread 0x0000018cf8841b00 6361       1       java.awt.GradientPaint::isCyclic (5 bytes)
Event: 20.309 Thread 0x0000018cf8841b00 nmethod 6361 0x0000018ce4219090 code [0x0000018ce4219220, 0x0000018ce42192d8]
Event: 20.310 Thread 0x0000018cf8841b00 6362       3       java.awt.geom.RoundRectangle2D$Float::<init> (18 bytes)
Event: 20.310 Thread 0x0000018cf8841b00 nmethod 6362 0x0000018cdc9bb690 code [0x0000018cdc9bb840, 0x0000018cdc9bbaf8]
Event: 20.310 Thread 0x0000018cf8841b00 6363       3       java.awt.geom.RoundRectangle2D$Float::setRoundRect (34 bytes)
Event: 20.310 Thread 0x0000018cf8841b00 nmethod 6363 0x0000018cdcaf1c10 code [0x0000018cdcaf1da0, 0x0000018cdcaf1eb8]
Event: 20.310 Thread 0x0000018cf8841b00 6364       3       java.awt.geom.RoundRectangle2D$Float::getX (6 bytes)
Event: 20.310 Thread 0x0000018cf8841b00 nmethod 6364 0x0000018cdcd0be10 code [0x0000018cdcd0bfa0, 0x0000018cdcd0c098]
Event: 20.312 Thread 0x0000018cf8841b00 6365       3       sun.awt.image.SunVolatileImage::getHeight (5 bytes)
Event: 20.312 Thread 0x0000018cf8841b00 nmethod 6365 0x0000018cdcaf1890 code [0x0000018cdcaf1a20, 0x0000018cdcaf1b38]

GC Heap History (20 events):
Event: 4.935 GC heap before
{Heap before GC invocations=5 (full 0):
 garbage-first heap   total 96256K, used 78190K [0x0000000702400000, 0x0000000800000000)
  region size 2048K, 28 young (57344K), 2 survivors (4096K)
 Metaspace       used 30135K, capacity 30382K, committed 30640K, reserved 1077248K
  class space    used 3494K, capacity 3561K, committed 3584K, reserved 1048576K
}
Event: 4.942 GC heap after
{Heap after GC invocations=6 (full 0):
 garbage-first heap   total 96256K, used 36111K [0x0000000702400000, 0x0000000800000000)
  region size 2048K, 4 young (8192K), 4 survivors (8192K)
 Metaspace       used 30135K, capacity 30382K, committed 30640K, reserved 1077248K
  class space    used 3494K, capacity 3561K, committed 3584K, reserved 1048576K
}
Event: 6.198 GC heap before
{Heap before GC invocations=6 (full 0):
 garbage-first heap   total 96256K, used 60687K [0x0000000702400000, 0x0000000800000000)
  region size 2048K, 16 young (32768K), 4 survivors (8192K)
 Metaspace       used 32666K, capacity 32952K, committed 33328K, reserved 1079296K
  class space    used 4069K, capacity 4139K, committed 4224K, reserved 1048576K
}
Event: 6.204 GC heap after
{Heap after GC invocations=7 (full 0):
 garbage-first heap   total 96256K, used 42301K [0x0000000702400000, 0x0000000800000000)
  region size 2048K, 2 young (4096K), 2 survivors (4096K)
 Metaspace       used 32666K, capacity 32952K, committed 33328K, reserved 1079296K
  class space    used 4069K, capacity 4139K, committed 4224K, reserved 1048576K
}
Event: 7.811 GC heap before
{Heap before GC invocations=7 (full 0):
 garbage-first heap   total 96256K, used 56637K [0x0000000702400000, 0x0000000800000000)
  region size 2048K, 11 young (22528K), 2 survivors (4096K)
 Metaspace       used 35098K, capacity 35363K, committed 35920K, reserved 1081344K
  class space    used 4462K, capacity 4523K, committed 4608K, reserved 1048576K
}
Event: 7.815 GC heap after
{Heap after GC invocations=8 (full 0):
 garbage-first heap   total 96256K, used 45992K [0x0000000702400000, 0x0000000800000000)
  region size 2048K, 2 young (4096K), 2 survivors (4096K)
 Metaspace       used 35098K, capacity 35363K, committed 35920K, reserved 1081344K
  class space    used 4462K, capacity 4523K, committed 4608K, reserved 1048576K
}
Event: 8.735 GC heap before
{Heap before GC invocations=9 (full 0):
 garbage-first heap   total 96256K, used 64424K [0x0000000702400000, 0x0000000800000000)
  region size 2048K, 12 young (24576K), 2 survivors (4096K)
 Metaspace       used 39043K, capacity 39331K, committed 39888K, reserved 1083392K
  class space    used 5042K, capacity 5141K, committed 5248K, reserved 1048576K
}
Event: 8.739 GC heap after
{Heap after GC invocations=10 (full 0):
 garbage-first heap   total 96256K, used 49462K [0x0000000702400000, 0x0000000800000000)
  region size 2048K, 2 young (4096K), 2 survivors (4096K)
 Metaspace       used 39043K, capacity 39331K, committed 39888K, reserved 1083392K
  class space    used 5042K, capacity 5141K, committed 5248K, reserved 1048576K
}
Event: 9.217 GC heap before
{Heap before GC invocations=10 (full 0):
 garbage-first heap   total 96256K, used 69942K [0x0000000702400000, 0x0000000800000000)
  region size 2048K, 12 young (24576K), 2 survivors (4096K)
 Metaspace       used 40813K, capacity 41139K, committed 41680K, reserved 1085440K
  class space    used 5310K, capacity 5401K, committed 5504K, reserved 1048576K
}
Event: 9.221 GC heap after
{Heap after GC invocations=11 (full 0):
 garbage-first heap   total 96256K, used 54712K [0x0000000702400000, 0x0000000800000000)
  region size 2048K, 2 young (4096K), 2 survivors (4096K)
 Metaspace       used 40813K, capacity 41139K, committed 41680K, reserved 1085440K
  class space    used 5310K, capacity 5401K, committed 5504K, reserved 1048576K
}
Event: 9.485 GC heap before
{Heap before GC invocations=12 (full 0):
 garbage-first heap   total 100352K, used 71096K [0x0000000702400000, 0x0000000800000000)
  region size 2048K, 10 young (20480K), 2 survivors (4096K)
 Metaspace       used 41451K, capacity 41779K, committed 42320K, reserved 1085440K
  class space    used 5481K, capacity 5593K, committed 5632K, reserved 1048576K
}
Event: 9.488 GC heap after
{Heap after GC invocations=13 (full 0):
 garbage-first heap   total 100352K, used 60525K [0x0000000702400000, 0x0000000800000000)
  region size 2048K, 2 young (4096K), 2 survivors (4096K)
 Metaspace       used 41451K, capacity 41779K, committed 42320K, reserved 1085440K
  class space    used 5481K, capacity 5593K, committed 5632K, reserved 1048576K
}
Event: 9.527 GC heap before
{Heap before GC invocations=13 (full 0):
 garbage-first heap   total 100352K, used 62573K [0x0000000702400000, 0x0000000800000000)
  region size 2048K, 4 young (8192K), 2 survivors (4096K)
 Metaspace       used 41539K, capacity 41875K, committed 42320K, reserved 1085440K
  class space    used 5508K, capacity 5625K, committed 5632K, reserved 1048576K
}
Event: 9.531 GC heap after
{Heap after GC invocations=14 (full 0):
 garbage-first heap   total 100352K, used 61467K [0x0000000702400000, 0x0000000800000000)
  region size 2048K, 1 young (2048K), 1 survivors (2048K)
 Metaspace       used 41539K, capacity 41875K, committed 42320K, reserved 1085440K
  class space    used 5508K, capacity 5625K, committed 5632K, reserved 1048576K
}
Event: 9.655 GC heap before
{Heap before GC invocations=15 (full 0):
 garbage-first heap   total 141312K, used 83995K [0x0000000702400000, 0x0000000800000000)
  region size 2048K, 8 young (16384K), 1 survivors (2048K)
 Metaspace       used 41775K, capacity 42099K, committed 42704K, reserved 1087488K
  class space    used 5558K, capacity 5657K, committed 5760K, reserved 1048576K
}
Event: 9.658 GC heap after
{Heap after GC invocations=16 (full 0):
 garbage-first heap   total 141312K, used 72767K [0x0000000702400000, 0x0000000800000000)
  region size 2048K, 1 young (2048K), 1 survivors (2048K)
 Metaspace       used 41775K, capacity 42099K, committed 42704K, reserved 1087488K
  class space    used 5558K, capacity 5657K, committed 5760K, reserved 1048576K
}
Event: 10.112 GC heap before
{Heap before GC invocations=16 (full 0):
 garbage-first heap   total 141312K, used 105535K [0x0000000702400000, 0x0000000800000000)
  region size 2048K, 17 young (34816K), 1 survivors (2048K)
 Metaspace       used 42511K, capacity 42836K, committed 43344K, reserved 1087488K
  class space    used 5769K, capacity 5881K, committed 5888K, reserved 1048576K
}
Event: 10.115 GC heap after
{Heap after GC invocations=17 (full 0):
 garbage-first heap   total 141312K, used 82047K [0x0000000702400000, 0x0000000800000000)
  region size 2048K, 3 young (6144K), 3 survivors (6144K)
 Metaspace       used 42511K, capacity 42836K, committed 43344K, reserved 1087488K
  class space    used 5769K, capacity 5881K, committed 5888K, reserved 1048576K
}
Event: 10.224 GC heap before
{Heap before GC invocations=18 (full 0):
 garbage-first heap   total 147456K, used 88191K [0x0000000702400000, 0x0000000800000000)
  region size 2048K, 7 young (14336K), 3 survivors (6144K)
 Metaspace       used 42652K, capacity 42932K, committed 43472K, reserved 1087488K
  class space    used 5808K, capacity 5913K, committed 6016K, reserved 1048576K
}
Event: 10.226 GC heap after
{Heap after GC invocations=19 (full 0):
 garbage-first heap   total 147456K, used 84523K [0x0000000702400000, 0x0000000800000000)
  region size 2048K, 2 young (4096K), 2 survivors (4096K)
 Metaspace       used 42652K, capacity 42932K, committed 43472K, reserved 1087488K
  class space    used 5808K, capacity 5913K, committed 6016K, reserved 1048576K
}

Deoptimization events (20 events):
Event: 20.293 Thread 0x0000018cf9c69840 DEOPT PACKING pc=0x0000018cdcb62af6 sp=0x0000004082afd670
Event: 20.293 Thread 0x0000018cf9c69840 DEOPT UNPACKING pc=0x0000018cdc42e23f sp=0x0000004082afca70 mode 0
Event: 20.293 Thread 0x0000018cf9c69840 DEOPT PACKING pc=0x0000018cdcb62b17 sp=0x0000004082afd670
Event: 20.293 Thread 0x0000018cf9c69840 DEOPT UNPACKING pc=0x0000018cdc42e23f sp=0x0000004082afca70 mode 0
Event: 20.300 Thread 0x0000018cf9c69840 DEOPT PACKING pc=0x0000018cdcb62d3a sp=0x0000004082afcd10
Event: 20.300 Thread 0x0000018cf9c69840 DEOPT UNPACKING pc=0x0000018cdc42e23f sp=0x0000004082afc108 mode 0
Event: 20.301 Thread 0x0000018cf9c69840 DEOPT PACKING pc=0x0000018cdcb62d3a sp=0x0000004082afcd10
Event: 20.301 Thread 0x0000018cf9c69840 DEOPT UNPACKING pc=0x0000018cdc42e23f sp=0x0000004082afc108 mode 0
Event: 20.301 Thread 0x0000018cf9c69840 DEOPT PACKING pc=0x0000018cdcca8774 sp=0x0000004082afcba0
Event: 20.301 Thread 0x0000018cf9c69840 DEOPT UNPACKING pc=0x0000018cdc42e23f sp=0x0000004082afbf68 mode 0
Event: 20.302 Thread 0x0000018cf9c69840 DEOPT PACKING pc=0x0000018cdcca8774 sp=0x0000004082afcba0
Event: 20.302 Thread 0x0000018cf9c69840 DEOPT UNPACKING pc=0x0000018cdc42e23f sp=0x0000004082afbf68 mode 0
Event: 20.303 Thread 0x0000018cf9c69840 DEOPT PACKING pc=0x0000018cdcb62d3a sp=0x0000004082afcd10
Event: 20.303 Thread 0x0000018cf9c69840 DEOPT UNPACKING pc=0x0000018cdc42e23f sp=0x0000004082afc108 mode 0
Event: 20.305 Thread 0x0000018cf9c69840 DEOPT PACKING pc=0x0000018cdcca8774 sp=0x0000004082afcd50
Event: 20.305 Thread 0x0000018cf9c69840 DEOPT UNPACKING pc=0x0000018cdc42e23f sp=0x0000004082afc118 mode 0
Event: 20.307 Thread 0x0000018cf9c69840 DEOPT PACKING pc=0x0000018cdcca8a7b sp=0x0000004082afcd50
Event: 20.307 Thread 0x0000018cf9c69840 DEOPT UNPACKING pc=0x0000018cdc42e23f sp=0x0000004082afc118 mode 0
Event: 20.311 Thread 0x0000018cf9c69840 DEOPT PACKING pc=0x0000018cdcca8774 sp=0x0000004082afdb80
Event: 20.311 Thread 0x0000018cf9c69840 DEOPT UNPACKING pc=0x0000018cdc42e23f sp=0x0000004082afcf48 mode 0

Classes unloaded (0 events):
No events

Classes redefined (0 events):
No events

Internal exceptions (20 events):
Event: 9.063 Thread 0x0000018cf9c69840 Exception <a 'java/io/FileNotFoundException'{0x0000000707695430}> (0x0000000707695430) 
thrown [./open/src/hotspot/share/prims/jni.cpp, line 578]
Event: 9.064 Thread 0x0000018cf9c69840 Exception <a 'java/io/FileNotFoundException'{0x0000000707697f38}> (0x0000000707697f38) 
thrown [./open/src/hotspot/share/prims/jni.cpp, line 578]
Event: 9.067 Thread 0x0000018cf9c69840 Exception <a 'java/io/FileNotFoundException'{0x00000007076b86b8}> (0x00000007076b86b8) 
thrown [./open/src/hotspot/share/prims/jni.cpp, line 578]
Event: 9.068 Thread 0x0000018cf9c69840 Exception <a 'java/io/FileNotFoundException'{0x00000007076bf890}> (0x00000007076bf890) 
thrown [./open/src/hotspot/share/prims/jni.cpp, line 578]
Event: 9.068 Thread 0x0000018cf9c69840 Exception <a 'java/io/FileNotFoundException'{0x00000007076c7440}> (0x00000007076c7440) 
thrown [./open/src/hotspot/share/prims/jni.cpp, line 578]
Event: 9.068 Thread 0x0000018cf9c69840 Exception <a 'java/io/FileNotFoundException'{0x00000007076c8b40}> (0x00000007076c8b40) 
thrown [./open/src/hotspot/share/prims/jni.cpp, line 578]
Event: 9.068 Thread 0x0000018cf9c69840 Exception <a 'java/io/FileNotFoundException'{0x00000007076ca238}> (0x00000007076ca238) 
thrown [./open/src/hotspot/share/prims/jni.cpp, line 578]
Event: 9.070 Thread 0x0000018cf9c69840 Exception <a 'java/io/FileNotFoundException'{0x00000007076d5938}> (0x00000007076d5938) 
thrown [./open/src/hotspot/share/prims/jni.cpp, line 578]
Event: 9.070 Thread 0x0000018cf9c69840 Exception <a 'java/io/FileNotFoundException'{0x00000007076d7038}> (0x00000007076d7038) 
thrown [./open/src/hotspot/share/prims/jni.cpp, line 578]
Event: 9.212 Thread 0x0000018cfa02f1a0 Implicit null exception at 0x0000018ce4179645 to 0x0000018ce417a52c
Event: 9.436 Thread 0x0000018cfa02f1a0 Implicit null exception at 0x0000018ce419610a to 0x0000018ce4196e6c
Event: 10.408 Thread 0x0000018cf9c69840 Implicit null exception at 0x0000018ce3f3958f to 0x0000018ce3f3a354
Event: 10.418 Thread 0x0000018cf9c69840 Implicit null exception at 0x0000018ce3ff774e to 0x0000018ce3ff8aa4
Event: 10.418 Thread 0x0000018cf9c69840 Implicit null exception at 0x0000018ce3ffc78a to 0x0000018ce3ffcfb8
Event: 20.147 Thread 0x0000018cf9c69840 Implicit null exception at 0x0000018ce3f8f909 to 0x0000018ce3f90a14
Event: 20.147 Thread 0x0000018cf9c69840 Implicit null exception at 0x0000018ce4059354 to 0x0000018ce405abf4
Event: 20.262 Thread 0x0000018c8212c1d0 Exception <a 'java/lang/NullPointerException'{0x000000070b26d430}> (0x000000070b26d430) 
thrown [./open/src/hotspot/share/interpreter/linkResolver.cpp, line 1374]
Event: 20.268 Thread 0x0000018c8212c1d0 Exception <a 'java/lang/NoSuchMethodError'{0x000000070b2b52a8}: 'void java.lang.invoke.DirectMethodHandle$Holder.invokeSpecial(java.lang.Object, java.lang.Object, java.lang.Object, java.lang.Object, java.lang.Object)'> (0x000000070b2b52a8) 
thrown [./open/src/hotspot/share/interpreter/linkResolver.cpp, line 782]
Event: 20.291 Thread 0x0000018c8212c1d0 Exception <a 'java/lang/NoSuchMethodError'{0x000000070b000ca0}: 'int java.lang.invoke.DirectMethodHandle$Holder.invokeSpecial(java.lang.Object, java.lang.Object, java.lang.Object, java.lang.Object)'> (0x000000070b000ca0) 
thrown [./open/src/hotspot/share/interpreter/linkResolver.cpp, line 782]
Event: 20.328 Thread 0x0000018c8212c1d0 Exception <a 'java/lang/NoSuchMethodError'{0x000000070b1c5680}: fwkIsMainThread> (0x000000070b1c5680) 
thrown [./open/src/hotspot/share/prims/jni.cpp, line 1171]

Events (20 events):
Event: 20.270 loading class javax/swing/JTable$PrintMode done
Event: 20.278 loading class java/awt/Polygon
Event: 20.278 loading class java/awt/Polygon done
Event: 20.278 loading class java/awt/Polygon$PolygonPathIterator
Event: 20.278 loading class java/awt/Polygon$PolygonPathIterator done
Event: 20.305 loading class java/util/concurrent/Executors$DelegatedScheduledExecutorService
Event: 20.305 loading class java/util/concurrent/ScheduledExecutorService
Event: 20.305 loading class java/util/concurrent/ScheduledExecutorService done
Event: 20.305 loading class java/util/concurrent/Executors$DelegatedScheduledExecutorService done
Event: 20.305 loading class java/util/concurrent/ScheduledThreadPoolExecutor
Event: 20.305 loading class java/util/concurrent/ScheduledThreadPoolExecutor done
Event: 20.305 loading class java/util/concurrent/ScheduledThreadPoolExecutor$DelayedWorkQueue
Event: 20.306 loading class java/util/concurrent/ScheduledThreadPoolExecutor$DelayedWorkQueue done
Event: 20.306 loading class java/util/concurrent/RunnableScheduledFuture
Event: 20.306 loading class java/util/concurrent/ScheduledFuture
Event: 20.306 loading class java/util/concurrent/ScheduledFuture done
Event: 20.306 loading class java/util/concurrent/RunnableScheduledFuture done
Event: 20.311 loading class java/net/CookieHandler
Event: 20.311 loading class java/net/CookieHandler done
Event: 20.317 Loaded shared library C:\Program Files\BellSoft\LibericaJDK-15-Full\bin\jfxwebkit.dll


Dynamic libraries:
0x00007ff63f370000 - 0x00007ff63f37f000 	C:\Program Files\Java\jdk-15.0.2\bin\java.exe
0x00007ff99f970000 - 0x00007ff99fb68000 	C:\WINDOWS\SYSTEM32\ntdll.dll
0x00007ff99f1d0000 - 0x00007ff99f28d000 	C:\WINDOWS\System32\KERNEL32.DLL
0x00007ff99d520000 - 0x00007ff99d816000 	C:\WINDOWS\System32\KERNELBASE.dll
0x00007ff99a930000 - 0x00007ff99a9c0000 	C:\WINDOWS\SYSTEM32\apphelp.dll
0x00007ff99d3f0000 - 0x00007ff99d4f0000 	C:\WINDOWS\System32\ucrtbase.dll
0x00007ff998b40000 - 0x00007ff998b59000 	C:\Program Files\Java\jdk-15.0.2\bin\VCRUNTIME140.dll
0x00007ff998c30000 - 0x00007ff998c48000 	C:\Program Files\Java\jdk-15.0.2\bin\jli.dll
0x00007ff99eda0000 - 0x00007ff99ee4f000 	C:\WINDOWS\System32\ADVAPI32.dll
0x00007ff99ebb0000 - 0x00007ff99ec4e000 	C:\WINDOWS\System32\msvcrt.dll
0x00007ff99e5a0000 - 0x00007ff99e63c000 	C:\WINDOWS\System32\sechost.dll
0x00007ff99ee50000 - 0x00007ff99ef76000 	C:\WINDOWS\System32\RPCRT4.dll
0x00007ff99f790000 - 0x00007ff99f92e000 	C:\WINDOWS\System32\USER32.dll
0x00007ff99d4f0000 - 0x00007ff99d512000 	C:\WINDOWS\System32\win32u.dll
0x00007ff989340000 - 0x00007ff9895da000 	C:\WINDOWS\WinSxS\amd64_microsoft.windows.common-controls_6595b64144ccf1df_6.0.19041.3636_none_60b6a03d71f818d5\COMCTL32.dll
0x00007ff99f760000 - 0x00007ff99f78c000 	C:\WINDOWS\System32\GDI32.dll
0x00007ff99d8b0000 - 0x00007ff99d9ca000 	C:\WINDOWS\System32\gdi32full.dll
0x00007ff99d300000 - 0x00007ff99d39d000 	C:\WINDOWS\System32\msvcp_win.dll
0x00007ff996440000 - 0x00007ff99644a000 	C:\WINDOWS\SYSTEM32\VERSION.dll
0x00007ff99ec50000 - 0x00007ff99ec80000 	C:\WINDOWS\System32\IMM32.DLL
0x00007ff998d00000 - 0x00007ff998d0c000 	C:\Program Files\Java\jdk-15.0.2\bin\vcruntime140_1.dll
0x00007ff97df80000 - 0x00007ff97e011000 	C:\Program Files\Java\jdk-15.0.2\bin\msvcp140.dll
0x00007ff937820000 - 0x00007ff93837e000 	C:\Program Files\Java\jdk-15.0.2\bin\server\jvm.dll
0x00007ff99dc70000 - 0x00007ff99dc78000 	C:\WINDOWS\System32\PSAPI.DLL
0x00007ff97fdf0000 - 0x00007ff97fdf9000 	C:\WINDOWS\SYSTEM32\WSOCK32.dll
0x00007ff995320000 - 0x00007ff995347000 	C:\WINDOWS\SYSTEM32\WINMM.dll
0x00007ff99dc00000 - 0x00007ff99dc6b000 	C:\WINDOWS\System32\WS2_32.dll
0x00007ff99ae50000 - 0x00007ff99ae62000 	C:\WINDOWS\SYSTEM32\kernel.appcore.dll
0x00007ff993020000 - 0x00007ff99302a000 	C:\Program Files\Java\jdk-15.0.2\bin\jimage.dll
0x00007ff983eb0000 - 0x00007ff984094000 	C:\WINDOWS\SYSTEM32\DBGHELP.DLL
0x00007ff983e70000 - 0x00007ff983ea4000 	C:\WINDOWS\SYSTEM32\dbgcore.DLL
0x00007ff99d820000 - 0x00007ff99d8a2000 	C:\WINDOWS\System32\bcryptPrimitives.dll
0x00007ff988e10000 - 0x00007ff988e35000 	C:\Program Files\Java\jdk-15.0.2\bin\java.dll
0x00007ff99dc80000 - 0x00007ff99e3c5000 	C:\WINDOWS\System32\SHELL32.dll
0x00007ff99b130000 - 0x00007ff99b8cb000 	C:\WINDOWS\SYSTEM32\windows.storage.dll
0x00007ff99e7f0000 - 0x00007ff99eb44000 	C:\WINDOWS\System32\combase.dll
0x00007ff99c9c0000 - 0x00007ff99c9ed000 	C:\WINDOWS\SYSTEM32\Wldp.dll
0x00007ff99e450000 - 0x00007ff99e4fd000 	C:\WINDOWS\System32\SHCORE.dll
0x00007ff99f290000 - 0x00007ff99f2e5000 	C:\WINDOWS\System32\shlwapi.dll
0x00007ff99cf80000 - 0x00007ff99cfa5000 	C:\WINDOWS\SYSTEM32\profapi.dll
0x00007ff992d60000 - 0x00007ff992d79000 	C:\Program Files\Java\jdk-15.0.2\bin\net.dll
0x00007ff9975d0000 - 0x00007ff9976da000 	C:\WINDOWS\SYSTEM32\WINHTTP.dll
0x00007ff99c720000 - 0x00007ff99c78a000 	C:\WINDOWS\system32\mswsock.dll
0x00007ff988db0000 - 0x00007ff988dc2000 	C:\Program Files\Java\jdk-15.0.2\bin\nio.dll
0x00007ff9862b0000 - 0x00007ff9862c8000 	C:\Program Files\Java\jdk-15.0.2\bin\zip.dll
0x00007ff97b1b0000 - 0x00007ff97b330000 	C:\Program Files\Java\jdk-15.0.2\bin\awt.dll
0x00007ff99db30000 - 0x00007ff99dbfd000 	C:\WINDOWS\System32\OLEAUT32.dll
0x00007ff99aa60000 - 0x00007ff99aafe000 	C:\WINDOWS\system32\uxtheme.dll
0x00007ff93e9a0000 - 0x00007ff93ead1000 	C:\ProgramData\A-Volute\A-Volute.SonicStudio3\Modules\ScheduledModules\x64\AudioDevProps2.dll
0x00007ff99f0a0000 - 0x00007ff99f1cb000 	C:\WINDOWS\System32\ole32.dll
0x00007ff99ef80000 - 0x00007ff99f094000 	C:\WINDOWS\System32\MSCTF.dll
0x00007ff99ae20000 - 0x00007ff99ae4f000 	C:\WINDOWS\system32\DWMAPI.DLL
0x00007ff988a50000 - 0x00007ff988b00000 	C:\WINDOWS\WinSxS\amd64_microsoft.windows.common-controls_6595b64144ccf1df_5.82.19041.3636_none_7931fb75243f97c8\comctl32.dll
0x00007ff97d9b0000 - 0x00007ff97da35000 	C:\Program Files\Java\jdk-15.0.2\bin\freetype.dll
0x00007ff96a4b0000 - 0x00007ff96a559000 	C:\Program Files\Java\jdk-15.0.2\bin\fontmanager.dll
0x00007ff969af0000 - 0x00007ff969c15000 	C:\WINDOWS\system32\opengl32.dll
0x00007ff997ab0000 - 0x00007ff997adc000 	C:\WINDOWS\SYSTEM32\GLU32.dll
0x00007ff993ae0000 - 0x00007ff993cad000 	C:\WINDOWS\system32\d3d9.dll
0x00007ff990690000 - 0x00007ff990796000 	C:\WINDOWS\System32\DriverStore\FileRepository\nvmdsi.inf_amd64_5d552f56b2dc9725\nvldumdx.dll
0x00007ff99cbb0000 - 0x00007ff99cbc2000 	C:\WINDOWS\SYSTEM32\msasn1.dll
0x00007ff9958b0000 - 0x00007ff9958e1000 	C:\WINDOWS\SYSTEM32\cryptnet.dll
0x00007ff99d1a0000 - 0x00007ff99d2fd000 	C:\WINDOWS\System32\CRYPT32.dll
0x00007ff9940b0000 - 0x00007ff9941f8000 	C:\WINDOWS\SYSTEM32\drvstore.dll
0x00007ff99cd70000 - 0x00007ff99cda3000 	C:\WINDOWS\SYSTEM32\devobj.dll
0x00007ff99d3a0000 - 0x00007ff99d3ee000 	C:\WINDOWS\System32\cfgmgr32.dll
0x00007ff99c930000 - 0x00007ff99c93c000 	C:\WINDOWS\SYSTEM32\cryptbase.dll
0x00007ff99d050000 - 0x00007ff99d0b7000 	C:\WINDOWS\System32\WINTRUST.DLL
0x00007ff99e430000 - 0x00007ff99e44d000 	C:\WINDOWS\System32\imagehlp.dll
0x00007ff99c910000 - 0x00007ff99c928000 	C:\WINDOWS\SYSTEM32\CRYPTSP.dll
0x00007ff99c050000 - 0x00007ff99c084000 	C:\WINDOWS\system32\rsaenh.dll
0x00007ff99d0c0000 - 0x00007ff99d0e7000 	C:\WINDOWS\System32\bcrypt.dll
0x00007ff916f00000 - 0x00007ff9187b1000 	C:\WINDOWS\System32\DriverStore\FileRepository\nvmdsi.inf_amd64_5d552f56b2dc9725\nvd3dumx.dll
0x00007ff9593c0000 - 0x00007ff959691000 	C:\WINDOWS\system32\nvspcap64.dll
0x00007ff99c170000 - 0x00007ff99c1a3000 	C:\WINDOWS\SYSTEM32\ntmarta.dll
0x00007ff99b8e0000 - 0x00007ff99b903000 	C:\WINDOWS\SYSTEM32\gpapi.dll
0x00007ff990860000 - 0x00007ff99089b000 	C:\WINDOWS\SYSTEM32\dxcore.dll
0x00007ff99ec90000 - 0x00007ff99ed39000 	C:\WINDOWS\System32\clbcatq.dll
0x00007ff9989c0000 - 0x00007ff998ab6000 	C:\WINDOWS\SYSTEM32\PROPSYS.dll
0x00007ff96ead0000 - 0x00007ff96eae7000 	C:\WINDOWS\system32\NetworkExplorer.dll
0x00007ff984870000 - 0x00007ff98488d000 	C:\WINDOWS\SYSTEM32\MPR.dll
0x00007ff9985a0000 - 0x00007ff9985ab000 	C:\WINDOWS\System32\drprov.dll
0x00007ff99c9f0000 - 0x00007ff99ca4b000 	C:\WINDOWS\System32\WINSTA.dll
0x00007ff992f10000 - 0x00007ff992f2f000 	C:\WINDOWS\System32\ntlanman.dll
0x00007ff992ef0000 - 0x00007ff992f0e000 	C:\WINDOWS\System32\davclnt.dll
0x00007ff993cb0000 - 0x00007ff993cbd000 	C:\WINDOWS\System32\DAVHLPR.dll
0x00007ff99c1b0000 - 0x00007ff99c1c9000 	C:\WINDOWS\System32\wkscli.dll
0x00007ff9862d0000 - 0x00007ff9862e2000 	C:\WINDOWS\SYSTEM32\cscapi.dll
0x00007ff99c520000 - 0x00007ff99c52c000 	C:\WINDOWS\System32\netutils.dll
0x00007ff9868f0000 - 0x00007ff986946000 	C:\Windows\System32\dlnashext.dll
0x00007ff985510000 - 0x00007ff985574000 	C:\Windows\System32\PlayToDevice.dll
0x00007ff986690000 - 0x00007ff9866b0000 	C:\Windows\System32\DevDispItemProvider.dll
0x00007ff989d10000 - 0x00007ff989d95000 	C:\WINDOWS\System32\MMDevApi.dll
0x00007ff982530000 - 0x00007ff9826b2000 	C:\WINDOWS\SYSTEM32\AudioSes.dll
0x00007ff99ce00000 - 0x00007ff99ce4b000 	C:\WINDOWS\SYSTEM32\powrprof.dll
0x00007ff99cde0000 - 0x00007ff99cdf2000 	C:\WINDOWS\SYSTEM32\UMPDC.dll
0x00007ff984cc0000 - 0x00007ff984ce0000 	C:\ProgramData\A-Volute\A-Volute.SonicStudio3\Modules\ScheduledModules\x64\ProductInfo.dll
0x00007ff96a400000 - 0x00007ff96a4a1000 	C:\WINDOWS\system32\wpdshext.dll
0x00007ff9895e0000 - 0x00007ff989785000 	C:\WINDOWS\WinSxS\amd64_microsoft.windows.gdiplus_6595b64144ccf1df_1.1.19041.3636_none_91a19322cc8a92a3\gdiplus.dll
0x00007ff998460000 - 0x00007ff998503000 	C:\Windows\System32\PortableDeviceApi.dll
0x00007ff99f2f0000 - 0x00007ff99f75e000 	C:\WINDOWS\System32\SETUPAPI.dll
0x00007ff985650000 - 0x00007ff985687000 	C:\Windows\System32\EhStorShell.dll
0x00007ff998c50000 - 0x00007ff998c76000 	C:\Windows\System32\EhStorAPI.dll
0x00007ff998d30000 - 0x00007ff998d44000 	C:\Windows\System32\WTSAPI32.dll
0x00007ff977ce0000 - 0x00007ff977ced000 	C:\WINDOWS\SYSTEM32\LINKINFO.dll
0x00007ff998bf0000 - 0x00007ff998c00000 	C:\Program Files\Java\jdk-15.0.2\bin\verify.dll
0x00007ff99c450000 - 0x00007ff99c51a000 	C:\WINDOWS\SYSTEM32\DNSAPI.dll
0x00007ff99c410000 - 0x00007ff99c44b000 	C:\WINDOWS\SYSTEM32\IPHLPAPI.DLL
0x00007ff99e590000 - 0x00007ff99e598000 	C:\WINDOWS\System32\NSI.dll
0x00007ff988e80000 - 0x00007ff988e8a000 	C:\Windows\System32\rasadhlp.dll
0x00007ff9877b0000 - 0x00007ff987830000 	C:\WINDOWS\System32\fwpuclnt.dll
0x00007ff995070000 - 0x00007ff995224000 	C:\WINDOWS\SYSTEM32\WindowsCodecs.dll
0x00007ff97e780000 - 0x00007ff97e7be000 	C:\WINDOWS\system32\dataexchange.dll
0x00007ff999ca0000 - 0x00007ff999e83000 	C:\WINDOWS\system32\dcomp.dll
0x00007ff998d60000 - 0x00007ff998fc3000 	C:\WINDOWS\system32\d3d11.dll
0x00007ff99b910000 - 0x00007ff99ba03000 	C:\WINDOWS\system32\dxgi.dll
0x00007ff995400000 - 0x00007ff995603000 	C:\WINDOWS\system32\twinapi.appcore.dll
0x0000018c837d0000 - 0x0000018c837d3000 	C:\Program Files\Java\jdk-15.0.2\bin\api-ms-win-core-console-l1-1-0.dll
0x0000018c839e0000 - 0x0000018c839e3000 	C:\Program Files\Java\jdk-15.0.2\bin\api-ms-win-core-datetime-l1-1-0.dll
0x0000018c839f0000 - 0x0000018c839f3000 	C:\Program Files\Java\jdk-15.0.2\bin\api-ms-win-core-debug-l1-1-0.dll
0x0000018c83a00000 - 0x0000018c83a03000 	C:\Program Files\Java\jdk-15.0.2\bin\api-ms-win-core-errorhandling-l1-1-0.dll
0x0000018c83a10000 - 0x0000018c83a14000 	C:\Program Files\Java\jdk-15.0.2\bin\api-ms-win-core-file-l1-1-0.dll
0x0000018c83a20000 - 0x0000018c83a23000 	C:\Program Files\Java\jdk-15.0.2\bin\api-ms-win-core-file-l1-2-0.dll
0x0000018c83a30000 - 0x0000018c83a33000 	C:\Program Files\Java\jdk-15.0.2\bin\api-ms-win-core-file-l2-1-0.dll
0x0000018c83a40000 - 0x0000018c83a43000 	C:\Program Files\Java\jdk-15.0.2\bin\api-ms-win-core-handle-l1-1-0.dll
0x0000018c83a50000 - 0x0000018c83a53000 	C:\Program Files\Java\jdk-15.0.2\bin\api-ms-win-core-heap-l1-1-0.dll
0x0000018c87ba0000 - 0x0000018c87ba3000 	C:\Program Files\Java\jdk-15.0.2\bin\api-ms-win-core-interlocked-l1-1-0.dll
0x0000018c87bb0000 - 0x0000018c87bb3000 	C:\Program Files\Java\jdk-15.0.2\bin\api-ms-win-core-libraryloader-l1-1-0.dll
0x0000018c87bc0000 - 0x0000018c87bc3000 	C:\Program Files\Java\jdk-15.0.2\bin\api-ms-win-core-localization-l1-2-0.dll

dbghelp: loaded successfully - version: 4.0.5 - missing functions: none
symbol engine: initialized successfully - sym options: 0x614 - pdb path: .;C:\Program Files\Java\jdk-15.0.2\bin;C:\WINDOWS\SYSTEM32;C:\WINDOWS\WinSxS\amd64_microsoft.windows.common-controls_6595b64144ccf1df_6.0.19041.3636_none_60b6a03d71f818d5;C:\Program Files\Java\jdk-15.0.2\bin\server;C:\ProgramData\A-Volute\A-Volute.SonicStudio3\Modules\ScheduledModules\x64;C:\WINDOWS\WinSxS\amd64_microsoft.windows.common-controls_6595b64144ccf1df_5.82.19041.3636_none_7931fb75243f97c8;C:\WINDOWS\System32\DriverStore\FileRepository\nvmdsi.inf_amd64_5d552f56b2dc9725;C:\WINDOWS\WinSxS\amd64_microsoft.windows.gdiplus_6595b64144ccf1df_1.1.19041.3636_none_91a19322cc8a92a3;C:\Program Files\BellSoft\LibericaJDK-15-Full\bin

VM Arguments:
jvm_args: -Dfile.encoding=UTF-8 
java_command: simrskhanza.SIMRSKhanza
java_class_path (initial): D:\KHANZA_CUSTOM\lib\calendar-src.jar;D:\KHANZA_CUSTOM\lib\calendar-doc.jar;D:\KHANZA_CUSTOM\lib\calendar.jar;D:\KHANZA_CUSTOM\lib\jcalendar-1.4.jar;D:\KHANZA_CUSTOM\lib\ant-1.7.1.jar;D:\KHANZA_CUSTOM\lib\apache-httpcomponents-httpclient.jar;D:\KHANZA_CUSTOM\lib\appframework-1.0.3.jar;D:\KHANZA_CUSTOM\lib\barbecue-1.5-beta1.jar;D:\KHANZA_CUSTOM\lib\batik-dom.jar;D:\KHANZA_CUSTOM\lib\groovy-all-2.4.7.jar;D:\KHANZA_CUSTOM\lib\bcel-5.2.jar;D:\KHANZA_CUSTOM\lib\bcprov-jdk15on-154.jar;D:\KHANZA_CUSTOM\lib\poi-4.1.0.jar;D:\KHANZA_CUSTOM\lib\beansbinding-1.2.1.jar;D:\KHANZA_CUSTOM\lib\bsh-2.0b4.jar;D:\KHANZA_CUSTOM\lib\com-jaspersoft-ireport.jar;D:\KHANZA_CUSTOM\lib\com.fasterxml.jackson.core.jar;D:\KHANZA_CUSTOM\lib\comm.jar;D:\KHANZA_CUSTOM\lib\common-javaFX-plugin.jar;D:\KHANZA_CUSTOM\lib\commons-codec-1.10.jar;D:\KHANZA_CUSTOM\lib\commons-javaflow-20060411.jar;D:\KHANZA_CUSTOM\lib\commons-logging-1.2.jar;D:\KHANZA_CUSTOM\lib\fluent-hc-4.5.1.jar;D:\KHANZA_CUSTOM\lib\fontbox-2.0.13.jar;D:\KHANZA_CUSTOM\lib\gson-2.2.2.jar;D:\KHANZA_CUSTOM\lib\hibernate3.jar;D:\KHANZA_CUSTOM\lib\hsqldb-1.8.0-10.jar;D:\KHANZA_CUSTOM\lib\httpclient-4.5.1.jar;D:\KHANZA_CUSTOM\lib\httpclient-cache-4.5.1.jar;D:\KHANZA_CUSTOM\lib\httpclient-win-4.5.1.jar;D:\KHANZA_CUSTOM\lib\httpcore-4.4.3.jar;D:\KHANZA_CUSTOM\lib\httpmime-4.5.1.jar;D:\KHANZA_CUSTOM\lib\iReport.jar;D:\KHANZA_CUSTOM\lib\jackson-all-1.9.0.jar;D:\KHANZA_CUSTOM\lib\java-json.jar;D:\KHANZA_CUSTOM\lib\javaFX-jps-plugin.jar;D:\KHANZA_CUSTOM\lib\javaFX.jar;D:\KHANZA_CUSTOM\lib\jaxen-1.1.1.jar;D:\KHANZA_CUSTOM\lib\jcommon-1.0.15.jar;D:\KHANZA_CUSTOM\lib\jdt-compiler-3.1.1.jar;D:\KHANZA_CUSTOM\lib\jfreechart-1.0.12.jar;D:\KHANZA_CUSTOM\lib\jl1.0.jar;D:\KHANZA_CUSTOM\lib\jna-4.1.0.jar;D:\KHANZA_CUSTOM\lib\jna-platform-4.1.0.jar;D:\KHANZA_CUSTOM\lib\jpa.jar;D:\KHANZA_CUSTOM\lib\junit-4.12.jar;D:\KHANZA_CUSTOM\lib\KhanzaSecurity16bit.jar;D:\KHANZA_CUSTOM\lib\log4j-1.2.15.jar;D:\KHANZA_CUSTOM\lib\mondrian-3.1.1.12
Launcher Type: SUN_STANDARD

[Global flags]
     intx CICompilerCount                          = 4                                         {product} {ergonomic}
     uint ConcGCThreads                            = 2                                         {product} {ergonomic}
     uint G1ConcRefinementThreads                  = 8                                         {product} {ergonomic}
   size_t G1HeapRegionSize                         = 2097152                                   {product} {ergonomic}
    uintx GCDrainStackTargetSize                   = 64                                        {product} {ergonomic}
   size_t InitialHeapSize                          = 266338304                                 {product} {ergonomic}
   size_t MarkStackSize                            = 4194304                                   {product} {ergonomic}
   size_t MaxHeapSize                              = 4257218560                                {product} {ergonomic}
   size_t MaxNewSize                               = 2554331136                                {product} {ergonomic}
   size_t MinHeapDeltaBytes                        = 2097152                                   {product} {ergonomic}
   size_t MinHeapSize                              = 8388608                                   {product} {ergonomic}
    uintx NonNMethodCodeHeapSize                   = 5839372                                {pd product} {ergonomic}
    uintx NonProfiledCodeHeapSize                  = 122909434                              {pd product} {ergonomic}
    uintx ProfiledCodeHeapSize                     = 122909434                              {pd product} {ergonomic}
    uintx ReservedCodeCacheSize                    = 251658240                              {pd product} {ergonomic}
     bool SegmentedCodeCache                       = true                                      {product} {ergonomic}
   size_t SoftMaxHeapSize                          = 4257218560                             {manageable} {ergonomic}
     bool UseCompressedClassPointers               = true                                 {lp64_product} {ergonomic}
     bool UseCompressedOops                        = true                                 {lp64_product} {ergonomic}
     bool UseG1GC                                  = true                                      {product} {ergonomic}
     bool UseLargePagesIndividualAllocation        = false                                  {pd product} {ergonomic}

Logging:
Log output configuration:
 #0: stdout all=warning uptime,level,tags
 #1: stderr all=off uptime,level,tags

Environment Variables:
JAVA_HOME=C:\Program Files\Java\jdk1.8.0_301
PATH=C:\Program Files\BellSoft\LibericaJDK-15-Full\bin\;C:\Program Files\Common Files\Oracle\Java\javapath;C:\Windows\system32;C:\WINDOWS\system32;C:\WINDOWS;C:\WINDOWS\System32\Wbem;C:\WINDOWS\System32\WindowsPowerShell\v1.0\;C:\WINDOWS\System32\OpenSSH\;C:\Program Files\NVIDIA Corporation\NVIDIA NvDLISR;C:\Program Files\nodejs\;C:\gradle410\bin;C:\gradle410;\Program Files\Java\jdk1.8.0_301;\Program Files\Java\jdk1.8.0_301\bin;C:\Users\Who Are You\AppData\Local\Android\Sdk;C:\Users\Who Are You\AppData\Local\Android\Sdk\tools;C:\Users\Who Are You\AppData\Local\Android\Sdk\tools\bin;C:\Users\Who Are You\AppData\Local\Android\Sdk\platform-tools;C:\Program Files (x86)\ZeroTier\One\;C:\Users\Who Are You\AppData\Local\Microsoft\WindowsApps;C:\Users\Who Are You\AppData\Local\Programs\Microsoft VS Code\bin;C:\Users\Who Are You\AppData\Roaming\npm;C:\gradle410;C:\Program Files\Java\jdk1.8.0_301;C:\Users\Who Are You\Documents\flutter\bin;
USERNAME=Who Are You
OS=Windows_NT
PROCESSOR_IDENTIFIER=Intel64 Family 6 Model 165 Stepping 3, GenuineIntel



---------------  S Y S T E M  ---------------

OS:
 Windows 10 , 64 bit Build 19041 (10.0.19041.3636)
OS uptime: 0 days 7:44 hours

CPU: total 8 (initial active 8) (4 cores per cpu, 2 threads per core) family 6 model 165 stepping 3 microcode 0xe0, cmov, cx8, fxsr, mmx, sse, sse2, sse3, ssse3, sse4.1, sse4.2, popcnt, vzeroupper, avx, avx2, aes, clmul, erms, 3dnowpref, lzcnt, ht, tsc, tscinvbit, bmi1, bmi2, adx, fma, clflush, clflushopt

Memory: 4k page, system-wide physical 16236M (4129M free)
TotalPageFile size 20844M (AvailPageFile size 2676M)
current process WorkingSet (physical memory assigned to process): 370M, peak: 394M
current process commit charge ("private bytes"): 471M, peak: 496M

vm_info: Java HotSpot(TM) 64-Bit Server VM (15.0.2+7-27) for windows-amd64 JRE (15.0.2+7-27), built on Dec  7 2020 20:07:01 by "mach5one" with unknown MS VC++:1925

END.
